[GIN-debug] [WARNING] Creating an Engine instance with the Logger and Recovery middleware already attached.

[GIN-debug] [WARNING] Running in "debug" mode. Switch to "release" mode in production.
 - using env:	export GIN_MODE=release
 - using code:	gin.SetMode(gin.ReleaseMode)

[GIN-debug] POST   /user/login               --> server/controll/user.Login (3 handlers)
[GIN-debug] POST   /user/register            --> server/controll/user.Register (3 handlers)
[GIN-debug] GET    /user/info                --> server/controll/user.Info (3 handlers)
[GIN-debug] [WARNING] You trusted all proxies, this is NOT safe. We recommend you to set a value.
Please check https://pkg.go.dev/github.com/gin-gonic/gin#readme-don-t-trust-all-proxies for details.
[GIN-debug] Listening and serving HTTP on :80
[GIN-debug] [WARNING] Creating an Engine instance with the Logger and Recovery middleware already attached.

[GIN-debug] [WARNING] Running in "debug" mode. Switch to "release" mode in production.
 - using env:	export GIN_MODE=release
 - using code:	gin.SetMode(gin.ReleaseMode)

[GIN-debug] POST   /user/login               --> server/controll/user.Login (3 handlers)
[GIN-debug] POST   /user/register            --> server/controll/user.Register (3 handlers)
[GIN-debug] GET    /user/info                --> server/controll/user.Info (3 handlers)
[GIN-debug] [WARNING] You trusted all proxies, this is NOT safe. We recommend you to set a value.
Please check https://pkg.go.dev/github.com/gin-gonic/gin#readme-don-t-trust-all-proxies for details.
[GIN-debug] Listening and serving HTTP on :80
[Tally] [2024-02-14 10:57:46] [1kb] [38m[info][0m config.InitMysql.func1ï¼š45 server/config.InitMysql.func1 mysqlè¿žæŽ¥æˆåŠŸï¼
[GIN-debug] [WARNING] Creating an Engine instance with the Logger and Recovery middleware already attached.

[GIN-debug] [WARNING] Running in "debug" mode. Switch to "release" mode in production.
 - using env:	export GIN_MODE=release
 - using code:	gin.SetMode(gin.ReleaseMode)

[GIN-debug] POST   /user/login               --> server/controll/user.Login (3 handlers)
[GIN-debug] POST   /user/register            --> server/controll/user.Register (3 handlers)
[GIN-debug] GET    /user/info                --> server/controll/user.Info (3 handlers)
[GIN-debug] [WARNING] You trusted all proxies, this is NOT safe. We recommend you to set a value.
Please check https://pkg.go.dev/github.com/gin-gonic/gin#readme-don-t-trust-all-proxies for details.
[GIN-debug] Listening and serving HTTP on :80
[GIN-debug] [WARNING] Creating an Engine instance with the Logger and Recovery middleware already attached.

[GIN-debug] [WARNING] Running in "debug" mode. Switch to "release" mode in production.
 - using env:	export GIN_MODE=release
 - using code:	gin.SetMode(gin.ReleaseMode)

[GIN-debug] POST   /user/login               --> server/controll/user.Login (3 handlers)
[GIN-debug] POST   /user/register            --> server/controll/user.Register (3 handlers)
[GIN-debug] GET    /user/info                --> server/controll/user.Info (3 handlers)
[GIN-debug] [WARNING] You trusted all proxies, this is NOT safe. We recommend you to set a value.
Please check https://pkg.go.dev/github.com/gin-gonic/gin#readme-don-t-trust-all-proxies for details.
[GIN-debug] Listening and serving HTTP on :80
[] [2024-02-14 12:48:25] [3kb] [38m[info][0m config.InitMysql.func1ï¼š45 server/config.InitMysql.func1 mysqlè¿žæŽ¥æˆåŠŸï¼
[] [2024-02-14 12:48:25] [3kb] [38m[info][0m config.InitRedis.func1ï¼š33 server/config.InitRedis.func1 redisè¿žæŽ¥æˆåŠŸ!
[GIN-debug] [WARNING] Creating an Engine instance with the Logger and Recovery middleware already attached.

[GIN-debug] [WARNING] Running in "debug" mode. Switch to "release" mode in production.
 - using env:	export GIN_MODE=release
 - using code:	gin.SetMode(gin.ReleaseMode)

[GIN-debug] POST   /user/login               --> server/controll/user.Login (3 handlers)
[GIN-debug] POST   /user/register            --> server/controll/user.Register (3 handlers)
[GIN-debug] GET    /user/info                --> server/controll/user.Info (3 handlers)
[GIN-debug] [WARNING] You trusted all proxies, this is NOT safe. We recommend you to set a value.
Please check https://pkg.go.dev/github.com/gin-gonic/gin#readme-don-t-trust-all-proxies for details.
[GIN-debug] Listening and serving HTTP on :80
[] [2024-02-14 12:48:36] [4kb] [38m[info][0m config.InitMysql.func1ï¼š45 server/config.InitMysql.func1 mysqlè¿žæŽ¥æˆåŠŸï¼
[] [2024-02-14 12:48:36] [4kb] [38m[info][0m config.InitRedis.func1ï¼š33 server/config.InitRedis.func1 redisè¿žæŽ¥æˆåŠŸ!
[GIN-debug] [WARNING] Creating an Engine instance with the Logger and Recovery middleware already attached.

[GIN-debug] [WARNING] Running in "debug" mode. Switch to "release" mode in production.
 - using env:	export GIN_MODE=release
 - using code:	gin.SetMode(gin.ReleaseMode)

[GIN-debug] POST   /user/login               --> server/controll/user.Login (3 handlers)
[GIN-debug] POST   /user/register            --> server/controll/user.Register (3 handlers)
[GIN-debug] GET    /user/info                --> server/controll/user.Info (3 handlers)
[GIN-debug] [WARNING] You trusted all proxies, this is NOT safe. We recommend you to set a value.
Please check https://pkg.go.dev/github.com/gin-gonic/gin#readme-don-t-trust-all-proxies for details.
[GIN-debug] Listening and serving HTTP on :80
[Server] [2024-02-14 12:49:41] [5kb] [38m[info][0m config.InitMysql.func1ï¼š45 server/config.InitMysql.func1 mysqlè¿žæŽ¥æˆåŠŸï¼
[Server] [2024-02-14 12:49:41] [5kb] [38m[info][0m config.InitRedis.func1ï¼š33 server/config.InitRedis.func1 redisè¿žæŽ¥æˆåŠŸ!
[GIN-debug] [WARNING] Creating an Engine instance with the Logger and Recovery middleware already attached.

[GIN-debug] [WARNING] Running in "debug" mode. Switch to "release" mode in production.
 - using env:	export GIN_MODE=release
 - using code:	gin.SetMode(gin.ReleaseMode)

[GIN-debug] POST   /user/login               --> server/controll/user.Login (3 handlers)
[GIN-debug] POST   /user/register            --> server/controll/user.Register (3 handlers)
[GIN-debug] GET    /user/info                --> server/controll/user.Info (3 handlers)
[GIN-debug] [WARNING] You trusted all proxies, this is NOT safe. We recommend you to set a value.
Please check https://pkg.go.dev/github.com/gin-gonic/gin#readme-don-t-trust-all-proxies for details.
[GIN-debug] Listening and serving HTTP on :80
[server] [2024-02-14 19:25:23] [6kb] [38m[info][0m config.InitMysql.func1ï¼š45 server/config.InitMysql.func1 mysqlè¿žæŽ¥æˆåŠŸï¼
[server] [2024-02-14 19:25:23] [6kb] [38m[info][0m config.InitRedis.func1ï¼š33 server/config.InitRedis.func1 redisè¿žæŽ¥æˆåŠŸ!
[GIN-debug] [WARNING] Creating an Engine instance with the Logger and Recovery middleware already attached.

[GIN-debug] [WARNING] Running in "debug" mode. Switch to "release" mode in production.
 - using env:	export GIN_MODE=release
 - using code:	gin.SetMode(gin.ReleaseMode)

[GIN-debug] POST   /user/login               --> server/controll/user.Login (4 handlers)
[GIN-debug] POST   /user/register            --> server/controll/user.Register (4 handlers)
[GIN-debug] GET    /user/info                --> server/controll/user.Info (4 handlers)
[GIN-debug] [WARNING] You trusted all proxies, this is NOT safe. We recommend you to set a value.
Please check https://pkg.go.dev/github.com/gin-gonic/gin#readme-don-t-trust-all-proxies for details.
[GIN-debug] Listening and serving HTTP on :80
[server] [2024-02-14 20:22:33] [7kb] [38m[info][0m config.InitMysql.func1ï¼š45 server/config.InitMysql.func1 mysqlè¿žæŽ¥æˆåŠŸï¼
[server] [2024-02-14 20:22:33] [7kb] [38m[info][0m config.InitRedis.func1ï¼š33 server/config.InitRedis.func1 redisè¿žæŽ¥æˆåŠŸ!
[GIN-debug] [WARNING] Creating an Engine instance with the Logger and Recovery middleware already attached.

[GIN-debug] [WARNING] Running in "debug" mode. Switch to "release" mode in production.
 - using env:	export GIN_MODE=release
 - using code:	gin.SetMode(gin.ReleaseMode)

[GIN-debug] POST   /user/login               --> server/controll/user.Login (4 handlers)
[GIN-debug] POST   /user/register            --> server/controll/user.Register (4 handlers)
[GIN-debug] GET    /user/info                --> server/controll/user.Info (4 handlers)
[GIN-debug] [WARNING] You trusted all proxies, this is NOT safe. We recommend you to set a value.
Please check https://pkg.go.dev/github.com/gin-gonic/gin#readme-don-t-trust-all-proxies for details.
[GIN-debug] Listening and serving HTTP on :80
