[server] [2024-02-25 21:12:49] [0kb] [38m[info][0m config.InitMysql.func1ï¼š45 server/config.InitMysql.func1 mysqlè¿žæŽ¥æˆåŠŸï¼
[server] [2024-02-25 21:12:49] [0kb] [38m[info][0m config.InitRedis.func1ï¼š33 server/config.InitRedis.func1 redisè¿žæŽ¥æˆåŠŸ!
[GIN-debug] [WARNING] Creating an Engine instance with the Logger and Recovery middleware already attached.

[GIN-debug] [WARNING] Running in "debug" mode. Switch to "release" mode in production.
 - using env:	export GIN_MODE=release
 - using code:	gin.SetMode(gin.ReleaseMode)

[GIN-debug] POST   /user/login               --> server/controll/user.Login (6 handlers)
[GIN-debug] POST   /admin/menu_list          --> server/controll/menu.GetMenuList (6 handlers)
[GIN-debug] POST   /admin/login              --> server/controll/admin.Login (6 handlers)
[GIN-debug] POST   /register                 --> server/controll/admin.Register (6 handlers)
[GIN-debug] GET    /admin/info               --> server/controll/admin.Info (7 handlers)
[GIN-debug] GET    /admin/Logout             --> server/controll/admin.Logout (7 handlers)
[GIN-debug] GET    /admin/reset_password     --> server/controll/admin.ResetPassword (7 handlers)
[GIN-debug] GET    /admin/delete_employer    --> server/controll/admin.DeleteEmployee (7 handlers)
[GIN-debug] POST   /admin/add_employer       --> server/controll/admin.AddEmployee (7 handlers)
[GIN-debug] POST   /admin/update_employer    --> server/controll/admin.UpdateEmployee (7 handlers)
[GIN-debug] GET    /admin/employer_list      --> server/controll/admin.EmployeeList (7 handlers)
[GIN-debug] GET    /admin/employer_info      --> server/controll/admin.EmployeeInfo (7 handlers)
[GIN-debug] GET    /admin/assigned_account   --> server/controll/admin.AssignedAccount (7 handlers)
[GIN-debug] GET    /admin/get_department_list --> server/controll/admin.GetDepartmentList (7 handlers)
[GIN-debug] GET    /admin/del_department     --> server/controll/admin.DeleteDepartment (7 handlers)
[GIN-debug] POST   /admin/update_department  --> server/controll/admin.UpdateDepartment (7 handlers)
[GIN-debug] POST   /admin/add_department     --> server/controll/admin.AddDepartment (7 handlers)
[GIN-debug] GET    /admin/get_clockIn        --> server/controll/admin.GetClockInLog (7 handlers)
[GIN-debug] POST   /admin/edit_clockIn       --> server/controll/admin.EditClockLog (7 handlers)
[GIN-debug] POST   /admin/leave_application  --> server/controll/admin.LeaveApplication (7 handlers)
[GIN-debug] GET    /admin/get_LeaveApplication_list --> server/controll/admin.GetLeaveApplicationList (7 handlers)
[GIN-debug] POST   /admin/overtime_application --> server/controll/admin.OvertimeApplication (7 handlers)
[GIN-debug] GET    /admin/get_overtimeApplication_list --> server/controll/admin.GetOvertimeList (7 handlers)
[GIN-debug] POST   /admin/make_card_application --> server/controll/admin.MakeCardApplication (7 handlers)
[GIN-debug] POST   /admin/make_card_application_liat --> server/controll/admin.GetMarkCardList (7 handlers)
[GIN-debug] POST   /upload                   --> server/controll/user.Upload (6 handlers)
[server] [2024-02-25 21:48:30] [3kb] [38m[info][0m utils.Listenï¼š21 server/utils.Listen Received signal: interrupt

[server] [2024-02-25 21:48:30] [3kb] [38m[info][0m utils.Listenï¼š27 server/utils.Listen mysql connect close success
[server] [2024-02-25 21:48:30] [3kb] [38m[info][0m utils.Listenï¼š36 server/utils.Listen redis connect close success
