[server] [2024-02-18 16:21:44] [0kb] [38m[info][0m config.InitMysql.func1ï¼š45 server/config.InitMysql.func1 mysqlè¿žæŽ¥æˆåŠŸï¼
[server] [2024-02-18 16:21:45] [0kb] [38m[info][0m config.InitRedis.func1ï¼š33 server/config.InitRedis.func1 redisè¿žæŽ¥æˆåŠŸ!
[GIN-debug] [WARNING] Creating an Engine instance with the Logger and Recovery middleware already attached.

[GIN-debug] [WARNING] Running in "debug" mode. Switch to "release" mode in production.
 - using env:	export GIN_MODE=release
 - using code:	gin.SetMode(gin.ReleaseMode)

[GIN-debug] POST   /user/login               --> server/controll/user.Login (6 handlers)
[GIN-debug] POST   /user/register            --> server/controll/user.Register (6 handlers)
[GIN-debug] GET    /user/info                --> server/controll/user.Info (7 handlers)
[GIN-debug] GET    /user/Logout              --> server/controll/user.Logout (7 handlers)
[GIN-debug] GET    /user/delete_employer     --> server/controll/user.DeleteEmployee (7 handlers)
[GIN-debug] POST   /user/add_employer        --> server/controll/user.AddEmployee (7 handlers)
[GIN-debug] GET    /user/list                --> server/controll/user.EmployeeList (7 handlers)
[GIN-debug] GET    /user/employer_info       --> server/controll/user.EmployeeInfo (7 handlers)
[GIN-debug] [WARNING] You trusted all proxies, this is NOT safe. We recommend you to set a value.
Please check https://pkg.go.dev/github.com/gin-gonic/gin#readme-don-t-trust-all-proxies for details.
[GIN-debug] Listening and serving HTTP on :80
[server] [2024-02-18 19:49:17] [1kb] [38m[info][0m config.InitMysql.func1ï¼š45 server/config.InitMysql.func1 mysqlè¿žæŽ¥æˆåŠŸï¼
[server] [2024-02-18 19:49:17] [1kb] [38m[info][0m config.InitRedis.func1ï¼š33 server/config.InitRedis.func1 redisè¿žæŽ¥æˆåŠŸ!
[GIN-debug] [WARNING] Creating an Engine instance with the Logger and Recovery middleware already attached.

[GIN-debug] [WARNING] Running in "debug" mode. Switch to "release" mode in production.
 - using env:	export GIN_MODE=release
 - using code:	gin.SetMode(gin.ReleaseMode)

[GIN-debug] POST   /user/login               --> server/controll/user.Login (6 handlers)
[GIN-debug] POST   /user/register            --> server/controll/user.Register (6 handlers)
[GIN-debug] GET    /user/info                --> server/controll/user.Info (7 handlers)
[GIN-debug] GET    /user/Logout              --> server/controll/user.Logout (7 handlers)
[GIN-debug] GET    /user/delete_employer     --> server/controll/user.DeleteEmployee (7 handlers)
[GIN-debug] POST   /user/add_employer        --> server/controll/user.AddEmployee (7 handlers)
[GIN-debug] GET    /user/list                --> server/controll/user.EmployeeList (7 handlers)
[GIN-debug] GET    /user/employer_info       --> server/controll/user.EmployeeInfo (7 handlers)
[GIN-debug] [WARNING] You trusted all proxies, this is NOT safe. We recommend you to set a value.
Please check https://pkg.go.dev/github.com/gin-gonic/gin#readme-don-t-trust-all-proxies for details.
[GIN-debug] Listening and serving HTTP on :80
